_init.lua
_version.lua
apds9960.lua
breweryNode.lua
brewNode.lua
buttonNode.lua
deepsleep.lua
ds18b20.lua
electricityNode.lua
espConfig.lua
fifo.lua
fifosock.lua
garageNode.lua
gestureNode.lua
httpDL.lua
i2ctool.lua
ironNode.lua
ledNode.lua
mpu6050.lua
mqttWifi.lua
noNode.lua
oledNode.lua
pixel.lua
pixelNode.lua
poolNode.lua
rainNode.lua
relayNode.lua
rfNode.lua
rgb2Node.lua
rgbNode.lua
shellyNode.lua
soilNode.lua
sonoffNode.lua
spargeNode.lua
spindleNode.lua
ssrNode.lua
startup.lua
syslog.lua
telnet.lua
tempNode.lua
touchNode.lua
update.lua
updateCompletion.lua
updateFailure.lua
updateFiles.lua
updateMqttState.lua
updateWifi.lua
util.lua
xmasNode.lua